Player 1's turn.
0, 1 is a miss!
Player 2's turn.
0, 1 is a miss!
Player 1's turn.
1, 0 is a hit!
Player 2's turn.
1, 0 is a hit!
Player 1's turn.
2, 0 is a hit!
Player 2's turn.
2, 0 is a hit!
Player 1's turn.
3, 0 is a hit!
Player 2's Cruiser sunked!
Player 2's turn.
3, 0 is a hit!
Player 1's Cruiser sunked!
Player 1's turn.
1, 1 is a hit!
Player 2's turn.
1, 1 is a hit!
Player 1's turn.
2, 1 is a hit!
Player 2's turn.
2, 1 is a hit!
Player 1's turn.
3, 1 is a hit!
Player 2's Submarine sunked!
Player 2's turn.
3, 1 is a hit!
Player 1's Submarine sunked!
Player 1's turn.
1, 4 is a hit!
Player 2's turn.
1, 4 is a hit!
Player 1's turn.
1, 5 is a hit!
Player 2's turn.
1, 5 is a hit!
Player 1's turn.
1, 6 is a hit!
Player 2's turn.
1, 6 is a hit!
Player 1's turn.
1, 7 is a hit!
Player 2's Battleship sunked!
Player 2's turn.
1, 7 is a hit!
Player 1's Battleship sunked!
Player 1's turn.
1, 8 is a hit!
Player 2's turn.
1, 8 is a hit!
Player 1's turn.
2, 8 is a hit!
Player 2's turn.
2, 8 is a hit!
Player 1's turn.
3, 8 is a hit!
Player 2's turn.
3, 8 is a hit!
Player 1's turn.
4, 8 is a hit!
Player 2's turn.
4, 8 is a hit!
Player 1's turn.
5, 8 is a hit!
Player 2's Carrier sunked!
Player 2's turn.
5, 8 is a hit!
Player 1's Carrier sunked!
Player 1's turn.
5, 3 is a hit!
Player 2's turn.
5, 3 is a hit!
Player 1's turn.
6, 3 is a hit!
Player 2's Destroyer sunked!
